2026-03-02 13:48:49,839 INFO === TCG Price Fetcher Starting ===
2026-03-02 13:48:49,840 INFO Fetching sv1...
2026-03-02 13:49:20,045 WARNING Failed set sv1 p1: HTTPSConnectionPool(host='api.pokemontcg.io', port=443): Read timed out. (read timeout=30)
2026-03-02 13:49:20,556 INFO Fetching sv2...
2026-03-02 13:49:21,080 WARNING Failed set sv2 p1: 404 Client Error: Not Found for url: https://api.pokemontcg.io/v2/cards?q=set.id%3Asv2&page=1&pageSize=250
2026-03-02 13:49:21,591 INFO Fetching sv3...
2026-03-02 13:49:22,108 WARNING Failed set sv3 p1: 404 Client Error: Not Found for url: https://api.pokemontcg.io/v2/cards?q=set.id%3Asv3&page=1&pageSize=250
2026-03-02 13:49:22,657 INFO Fetching sv3pt5...
2026-03-02 13:49:23,185 WARNING Failed set sv3pt5 p1: 404 Client Error: Not Found for url: https://api.pokemontcg.io/v2/cards?q=set.id%3Asv3pt5&page=1&pageSize=250
2026-03-02 13:49:23,697 INFO Fetching sv4...
2026-03-02 13:49:24,262 WARNING Failed set sv4 p1: 404 Client Error: Not Found for url: https://api.pokemontcg.io/v2/cards?q=set.id%3Asv4&page=1&pageSize=250
2026-03-02 13:49:24,773 INFO Fetching sv4pt5...
2026-03-02 13:49:25,269 WARNING Failed set sv4pt5 p1: 404 Client Error: Not Found for url: https://api.pokemontcg.io/v2/cards?q=set.id%3Asv4pt5&page=1&pageSize=250
2026-03-02 13:49:25,788 INFO Fetching sv5...
2026-03-02 13:49:26,323 WARNING Failed set sv5 p1: 404 Client Error: Not Found for url: https://api.pokemontcg.io/v2/cards?q=set.id%3Asv5&page=1&pageSize=250
2026-03-02 13:49:26,834 INFO Fetching sv6...
2026-03-02 13:49:27,386 WARNING Failed set sv6 p1: 404 Client Error: Not Found for url: https://api.pokemontcg.io/v2/cards?q=set.id%3Asv6&page=1&pageSize=250
2026-03-02 13:49:27,901 INFO Fetching sv6pt5...
2026-03-02 13:49:28,214 WARNING Failed set sv6pt5 p1: 404 Client Error: Not Found for url: https://api.pokemontcg.io/v2/cards?q=set.id%3Asv6pt5&page=1&pageSize=250
2026-03-02 13:49:28,718 INFO Fetching sv7...
2026-03-02 13:49:29,270 WARNING Failed set sv7 p1: 404 Client Error: Not Found for url: https://api.pokemontcg.io/v2/cards?q=set.id%3Asv7&page=1&pageSize=250
2026-03-02 13:49:29,784 INFO Fetching sv8...
2026-03-02 13:49:30,134 WARNING Failed set sv8 p1: 404 Client Error: Not Found for url: https://api.pokemontcg.io/v2/cards?q=set.id%3Asv8&page=1&pageSize=250
2026-03-02 13:49:30,642 INFO Fetching swsh1...
2026-03-02 13:49:30,959 WARNING Failed set swsh1 p1: 404 Client Error: Not Found for url: https://api.pokemontcg.io/v2/cards?q=set.id%3Aswsh1&page=1&pageSize=250
2026-03-02 13:49:31,470 INFO Fetching swsh2...
2026-03-02 13:49:31,783 WARNING Failed set swsh2 p1: 404 Client Error: Not Found for url: https://api.pokemontcg.io/v2/cards?q=set.id%3Aswsh2&page=1&pageSize=250
2026-03-02 13:49:32,295 INFO Fetching swsh3...
2026-03-02 13:49:32,636 WARNING Failed set swsh3 p1: 404 Client Error: Not Found for url: https://api.pokemontcg.io/v2/cards?q=set.id%3Aswsh3&page=1&pageSize=250
2026-03-02 13:49:33,144 INFO Fetching swsh4...
2026-03-02 13:49:33,472 WARNING Failed set swsh4 p1: 404 Client Error: Not Found for url: https://api.pokemontcg.io/v2/cards?q=set.id%3Aswsh4&page=1&pageSize=250
2026-03-02 13:49:33,975 INFO Fetching swsh5...
2026-03-02 13:49:34,288 WARNING Failed set swsh5 p1: 404 Client Error: Not Found for url: https://api.pokemontcg.io/v2/cards?q=set.id%3Aswsh5&page=1&pageSize=250
2026-03-02 13:49:34,796 INFO Fetching swsh6...
2026-03-02 13:49:35,117 WARNING Failed set swsh6 p1: 404 Client Error: Not Found for url: https://api.pokemontcg.io/v2/cards?q=set.id%3Aswsh6&page=1&pageSize=250
2026-03-02 13:49:35,621 INFO Fetching swsh7...
2026-03-02 13:49:35,939 WARNING Failed set swsh7 p1: 404 Client Error: Not Found for url: https://api.pokemontcg.io/v2/cards?q=set.id%3Aswsh7&page=1&pageSize=250
2026-03-02 13:49:36,449 INFO Fetching swsh9...
2026-03-02 13:49:36,830 WARNING Failed set swsh9 p1: 404 Client Error: Not Found for url: https://api.pokemontcg.io/v2/cards?q=set.id%3Aswsh9&page=1&pageSize=250
2026-03-02 13:49:37,334 INFO Fetching swsh10...
2026-03-02 13:49:37,679 WARNING Failed set swsh10 p1: 404 Client Error: Not Found for url: https://api.pokemontcg.io/v2/cards?q=set.id%3Aswsh10&page=1&pageSize=250
2026-03-02 13:49:38,192 INFO Fetching swsh11...
2026-03-02 13:49:38,521 WARNING Failed set swsh11 p1: 404 Client Error: Not Found for url: https://api.pokemontcg.io/v2/cards?q=set.id%3Aswsh11&page=1&pageSize=250
2026-03-02 13:49:39,042 INFO Fetching swsh12...
2026-03-02 13:49:39,362 WARNING Failed set swsh12 p1: 404 Client Error: Not Found for url: https://api.pokemontcg.io/v2/cards?q=set.id%3Aswsh12&page=1&pageSize=250
2026-03-02 13:49:39,866 INFO Fetching base1...
2026-03-02 13:49:40,213 WARNING Failed set base1 p1: 404 Client Error: Not Found for url: https://api.pokemontcg.io/v2/cards?q=set.id%3Abase1&page=1&pageSize=250
2026-03-02 13:49:40,725 INFO Fetching base2...
2026-03-02 13:49:43,861 INFO   base2 p1: 64 cards
2026-03-02 13:49:44,369 INFO Fetching gym1...
2026-03-02 13:50:14,531 WARNING Failed set gym1 p1: HTTPSConnectionPool(host='api.pokemontcg.io', port=443): Read timed out. (read timeout=30)
2026-03-02 13:50:15,042 INFO Fetching gym2...
2026-03-02 13:50:45,137 WARNING Failed set gym2 p1: HTTPSConnectionPool(host='api.pokemontcg.io', port=443): Read timed out. (read timeout=30)
2026-03-02 13:50:45,640 INFO Fetching neo1...
2026-03-02 13:51:15,808 WARNING Failed set neo1 p1: HTTPSConnectionPool(host='api.pokemontcg.io', port=443): Read timed out. (read timeout=30)
2026-03-02 13:51:16,320 INFO Fetching neo2...
2026-03-02 13:51:46,423 WARNING Failed set neo2 p1: HTTPSConnectionPool(host='api.pokemontcg.io', port=443): Read timed out. (read timeout=30)
2026-03-02 13:51:47,396 INFO === Done: 64 cards, 64 history ===
